[leader] Defining quadrants for 35x35 simulation 3
[leader] Finished all quadrs for 3
[miner4] Gold perceived: gold(20,20)
[miner1] Gold perceived: gold(1,1)
[miner1] Going for gold(1,1)
[miner4] Going for gold(20,20)
[leader] - InitPos miner2 is 20x0
[miner1] No longer free while waiting for quadrant.
[leader] - InitPos miner3 is 6x26
[miner1] Handling gold(1,1) now.
[leader] - InitPos miner1 is 1x0
[miner4] No longer free while waiting for quadrant.
[miner4] Handling gold(20,20) now.
[miner4] Announcing gold(20,21) to others
[miner4] I've reached 20x20
[leader] * InitPos miner4 is 20x20
[leader] bid from miner2 for gold(20,21) is 21
[leader] bid from miner3 for gold(20,21) is 19
[leader] miner1's Quadrant is: 1
[leader] bid from miner1 for gold(20,21) is 10000
[leader] Gold gold(20,21) was allocated to miner3 options were [op(10000,miner1),op(19,miner3),op(21,miner2)]
[miner3] Gold gold(20,21) allocated to miner3
[miner3] Going for gold(20,21)
[miner3] Handling gold(20,21) now.
[leader] miner2's Quadrant is: 2
[leader] miner3's Quadrant is: 3
[leader] miner4's Quadrant is: 4
[miner3] No longer free while waiting for quadrant.
[miner1] I've reached 1x1
[miner2] in Q1 to 34x0
[miner4] I've reached 16x16
[WorldModel] Agent 4 carried a gold to depot!
[miner4] Finish handling gold(20,20)
[miner4] in no Q, going to X1
[miner2] in Q2 to 17x2
[miner4] Gold perceived: gold(20,21)
[miner4] Dropping around(_,_) desires and intentions to handle gold(20,21)
[miner4] Going for gold(20,21)
[miner4] Handling gold(20,21) now.
[miner4] I've reached 20x21
[miner3] miner4 has taken gold(20,21) that I am pursuing! Dropping my intention.
[miner2] Failed next_step to 17x2 fixing and trying again!
[miner4] Failed next_step to 16x16 fixing and trying again!
[miner1] Failed next_step to 16x16 fixing and trying again!
[miner3] Failed next_step to 6x26 fixing and trying again!
