[leader] Defining quadrants for 21x21 simulation 4
[leader] Finished all quadrs for 4
[leader] - InitPos miner4 is 20x20
[leader] - InitPos miner1 is 1x0
[leader] - InitPos miner2 is 20x0
[leader] * InitPos miner3 is 3x20
[leader] miner1's Quadrant is: 1
[leader] miner2's Quadrant is: 2
[leader] miner3's Quadrant is: 3
[miner1] in Q1 to 9x0
[leader] miner4's Quadrant is: 4
[miner4] Gold perceived: gold(20,18)
[miner4] Dropping around(_,_) desires and intentions to handle gold(20,18)
[miner4] Going for gold(20,18)
[miner4] Handling gold(20,18) now.
[miner4] Announcing gold(20,17) to others
[miner4] I've reached 20x18
[leader] bid from miner2 for gold(20,17) is 22
[leader] bid from miner1 for gold(20,17) is 32
[leader] bid from miner3 for gold(20,17) is 22
[leader] Gold gold(20,17) was allocated to miner2 options were [op(22,miner3),op(32,miner1),op(22,miner2)]
[miner2] Gold gold(20,17) allocated to miner2
[miner2] Dropping around(_,_) desires and intentions to handle gold(20,17)
[miner2] Going for gold(20,17)
[miner2] Handling gold(20,17) now.
[miner1] in Q2 to 0x2
[miner3] in Q1 to 9x10
[miner4] Announcing gold(10,19) to others
[leader] bid from miner1 for gold(10,19) is 28
[leader] bid from miner2 for gold(10,19) is 10000
[leader] bid from miner3 for gold(10,19) is 16
[leader] Gold gold(10,19) was allocated to miner3 options were [op(16,miner3),op(10000,miner2),op(28,miner1)]
[miner3] Gold gold(10,19) allocated to miner3
[miner3] Dropping around(_,_) desires and intentions to handle gold(10,19)
[miner3] Going for gold(10,19)
[miner3] Handling gold(10,19) now.
[miner1] in Q3 to 9x4
[miner3] Giving up current gold gold(10,19) to handle gold(10,15) which I am seeing!
[miner3] Announcing gold(10,19) to others
[miner3] Going for gold(10,15)
[miner2] Giving up current gold gold(20,17) to handle gold(20,16) which I am seeing!
[miner2] Announcing gold(20,17) to others
[miner3] Handling gold(10,15) now.
[miner2] Going for gold(20,16)
[leader] bid from miner1 for gold(10,19) is 10000
[miner2] Handling gold(20,16) now.
[leader] bid from miner4 for gold(10,19) is 10000
[leader] bid from miner3 for gold(20,17) is 10000
[leader] bid from miner4 for gold(20,17) is 10000
[leader] bid from miner1 for gold(20,17) is 10000
[leader] bid from miner2 for gold(10,19) is 10000
[leader] could not allocate gold gold(20,17)
[leader] could not allocate gold gold(10,19)
[miner3] I've reached 10x15
[miner2] I've reached 20x16
[miner1] in Q2 to 0x6
[miner4] I've reached 7x6
[miner4] Finish handling gold(20,18)
[miner4] Uncommitted gold distances: [d(16,gold(10,19)),d(24,gold(20,17))]2
[miner4] Next gold is gold(10,19)
[miner4] Handling gold(10,19) now.
[miner1] in Q3 to 9x8
[miner3] I've reached 7x6
[miner3] Finish handling gold(10,15)
[miner3] Uncommitted gold distances: [d(24,gold(20,17))]1
[miner3] Next gold is gold(20,17)
[miner3] Handling gold(20,17) now.
[miner1] in Q2 to 0x9
[miner4] Announcing gold(10,20) to others
[miner4] I've reached 10x19
[leader] bid from miner1 for gold(10,20) is 14
[leader] bid from miner3 for gold(10,20) is 10000
[leader] bid from miner2 for gold(10,20) is 10000
[leader] Gold gold(10,20) was allocated to miner1 options were [op(10000,miner2),op(10000,miner3),op(14,miner1)]
[miner1] Gold gold(10,20) allocated to miner1
[miner1] Dropping around(_,_) desires and intentions to handle gold(10,20)
[miner1] Going for gold(10,20)
[miner1] Handling gold(10,20) now.
[miner2] I've reached 7x6
[miner2] Finish handling gold(20,16)
[miner3] I've reached 20x17
[miner1] I've reached 10x20
[miner4] I've reached 7x6
[miner4] Finish handling gold(10,19)
[miner4] Uncommitted gold distances: [d(16,gold(10,19))]1
[miner4] Next gold is gold(10,19)
[miner4] Handling gold(10,19) now.
[miner2] in Q2 to 10x9
[miner1] I've reached 7x6
[miner4] I've reached 10x19
[miner4] failed to catch gold gold(10,19)
[miner1] Finish handling gold(10,20)
[miner1] in Q2 to 0x9
[miner2] in Q3 to 20x9
[miner1] Gold perceived: gold(2,7)
[miner1] Dropping around(_,_) desires and intentions to handle gold(2,7)
[miner1] Going for gold(2,7)
[miner1] Handling gold(2,7) now.
[miner3] I've reached 7x6
[miner3] Finish handling gold(20,17)
[miner3] Uncommitted gold distances: [d(24,gold(20,17))]1
[miner3] Next gold is gold(20,17)
[miner3] Handling gold(20,17) now.
[miner4] in no Q, going to X1
[miner1] I've reached 2x7
[miner2] in Q4 to 10x0
[miner4] in Q3 to 20x20
[miner1] I've reached 7x6
[miner1] Finish handling gold(2,7)
[miner1] in no Q, going to X1
[miner1] in Q3 to 9x8
[miner4] in Q4 to 10x10
[miner2] in Q1 to 20x0
[miner1] in Q2 to 0x9
[miner3] I've reached 20x17
[miner3] failed to catch gold gold(20,17)
